This is TeX, Version 3.14159 (Web2C 7.3.1) (format=latex 2002.6.26)  16 JAN 2003 11:45
**rapport.tex
(rapport.tex
LaTeX2e <1999/12/01> patch level 1
Babel <v3.6Z> and hyphenation patterns for american, french, german, ngerman, n
ohyphenation, loaded.
(/usr/pkg/share/texmf/tex/latex/base/report.cls
Document Class: report 1999/09/10 v1.4a Standard LaTeX document class
(/usr/pkg/share/texmf/tex/latex/base/size12.clo
File: size12.clo 1999/09/10 v1.4a Standard LaTeX file (size option)
)
\c@part=\count79
\c@chapter=\count80
\c@section=\count81
\c@subsection=\count82
\c@subsubsection=\count83
\c@paragraph=\count84
\c@subparagraph=\count85
\c@figure=\count86
\c@table=\count87
\abovecaptionskip=\skip41
\belowcaptionskip=\skip42
\bibindent=\dimen102
)
(/usr/pkg/share/texmf/tex/generic/babel/babel.sty
Package: babel 1999/09/09 v3.6Z The Babel package

(/usr/pkg/share/texmf/tex/generic/babel/frenchb.ldf
Language: frenchb 1999/08/18 v1.3g French support from the babel system

(/usr/pkg/share/texmf/tex/generic/babel/babel.def
File: babel.def 1999/09/09 v3.6Z Babel common definitions
\babel@savecnt=\count88
\U@D=\dimen103
)
Package babel Info: Making : an active character on input line 126.
Package babel Info: Making ; an active character on input line 127.
Package babel Info: Making ! an active character on input line 128.
Package babel Info: Making ? an active character on input line 129.
))
(/usr/pkg/share/texmf/tex/latex/ntgclass/a4.sty
Package: a4 1999/03/03 v1.2f A4 based page layout
)
(/usr/pkg/share/texmf/tex/latex/amsmath/amsmath.sty
Package: amsmath 2000/01/15 v2.05 AMS math features
\@mathmargin=\skip43

For additional information on amsmath, use the `?' option.
(/usr/pkg/share/texmf/tex/latex/amsmath/amstext.sty
Package: amstext 1999/11/15 v2.0

(/usr/pkg/share/texmf/tex/latex/amsmath/amsgen.sty
File: amsgen.sty 1999/11/30 v2.0
\@emptytoks=\toks14
\ex@=\dimen104
))
(/usr/pkg/share/texmf/tex/latex/amsmath/amsbsy.sty
Package: amsbsy 1999/11/29 v1.2d
\pmbraise@=\dimen105
)
(/usr/pkg/share/texmf/tex/latex/amsmath/amsopn.sty
Package: amsopn 1999/12/14 v2.01 operator names
)
\inf@bad=\count89
LaTeX Info: Redefining \frac on input line 198.
\uproot@=\count90
\leftroot@=\count91
LaTeX Info: Redefining \overline on input line 302.
\classnum@=\count92
\DOTSCASE@=\count93
LaTeX Info: Redefining \ldots on input line 376.
LaTeX Info: Redefining \dots on input line 379.
LaTeX Info: Redefining \cdots on input line 464.
\Mathstrutbox@=\box26
\strutbox@=\box27
\big@size=\dimen106
LaTeX Font Info:    Redeclaring font encoding OML on input line 563.
LaTeX Font Info:    Redeclaring font encoding OMS on input line 564.
\macc@skew=\dimen107
\c@MaxMatrixCols=\count94
\dotsspace@=\muskip10
\c@parentequation=\count95
\dspbrk@lvl=\count96
\tag@help=\toks15
\row@=\count97
\column@=\count98
\maxfields@=\count99
\andhelp@=\toks16
\eqnshift@=\dimen108
\alignsep@=\dimen109
\tagshift@=\dimen110
\tagwidth@=\dimen111
\totwidth@=\dimen112
\lineht@=\dimen113
\@envbody=\toks17
\multlinegap=\skip44
\multlinetaggap=\skip45
LaTeX Info: Redefining \[ on input line 2594.
LaTeX Info: Redefining \] on input line 2595.
)
(/usr/pkg/share/texmf/tex/latex/graphics/graphicx.sty
Package: graphicx 1999/02/16 v1.0f Enhanced LaTeX Graphics (DPC,SPQR)

(/usr/pkg/share/texmf/tex/latex/graphics/keyval.sty
Package: keyval 1999/03/16 v1.13 key=value parser (DPC)
\KV@toks@=\toks18
)
(/usr/pkg/share/texmf/tex/latex/graphics/graphics.sty
Package: graphics 1999/02/16 v1.0l Standard LaTeX Graphics (DPC,SPQR)

(/usr/pkg/share/texmf/tex/latex/graphics/trig.sty
Package: trig 1999/03/16 v1.09 sin cos tan (DPC)
)
(/usr/pkg/share/texmf/tex/latex/config/graphics.cfg)
Package graphics Info: Driver file: dvips.def on input line 80.

(/usr/pkg/share/texmf/tex/latex/graphics/dvips.def
File: dvips.def 1999/02/16 v3.0i Driver-dependant file (DPC,SPQR)
))
\Gin@req@height=\dimen114
\Gin@req@width=\dimen115
) (rapport.aux)
\openout1 = `rapport.aux'.

LaTeX Font Info:    Checking defaults for OML/cmm/m/it on input line 7.
LaTeX Font Info:    ... okay on input line 7.
LaTeX Font Info:    Checking defaults for T1/cmr/m/n on input line 7.
LaTeX Font Info:    ... okay on input line 7.
LaTeX Font Info:    Checking defaults for OT1/cmr/m/n on input line 7.
LaTeX Font Info:    ... okay on input line 7.
LaTeX Font Info:    Checking defaults for OMS/cmsy/m/n on input line 7.
LaTeX Font Info:    ... okay on input line 7.
LaTeX Font Info:    Checking defaults for OMX/cmex/m/n on input line 7.
LaTeX Font Info:    ... okay on input line 7.
LaTeX Font Info:    Checking defaults for U/cmr/m/n on input line 7.
LaTeX Font Info:    ... okay on input line 7.
LaTeX Font Info:    Checking defaults for OT2/wncyr/m/n on input line 7.
LaTeX Font Info:    Try loading font information for OT2+wncyr on input line 7.


(/usr/pkg/share/texmf/tex/latex/cyrillic/ot2wncyr.fd
File: ot2wncyr.fd 1999/05/31 v3.2 Computer Modern Cyrillic font definitions
)
LaTeX Font Info:    ... okay on input line 7.
 [1

] [1] (rapport.toc
[1

])
\tf@toc=\write3
\openout3 = `rapport.toc'.

 [2] [3]
Chapitre 1.
[4

] [5] [6] [7]
Underfull \hbox (badness 1205) in paragraph at lines 377--394
[]\OT1/cmr/m/n/12 Cette par-tie re-groupe toutes les dif-fe-rentes fonc-tions a
p-pel^^Sees lors de
 []

[8] [9] [10] [11] [12]
Chapitre 2.
[13

]
Chapitre 3.
File: GantVertical.ps Graphic file (type eps)
<GantVertical.ps> [14

] [15] [16] [17]
Chapitre 4.
File: ModAlg.eps Graphic file (type eps)
<ModAlg.eps>
Overfull \hbox (0.62619pt too wide) in paragraph at lines 671--672
[][] 
 []


LaTeX Warning: `!h' float specifier changed to `!ht'.

[18

]
File: ModEns.eps Graphic file (type eps)
 <ModEns.eps>
Overfull \hbox (0.62619pt too wide) in paragraph at lines 690--691
[][] 
 []


LaTeX Warning: `!h' float specifier changed to `!ht'.

[19]
File: ModAST.eps Graphic file (type eps)
 <ModAST.eps>
Overfull \hbox (0.62619pt too wide) in paragraph at lines 732--733
[][] 
 []


LaTeX Warning: `!h' float specifier changed to `!ht'.

[20]
File: ModEntite.eps Graphic file (type eps)
 <ModEntite.eps>
File: ModElt.eps Graphic file (type eps)
 <ModElt.eps> [21] [22] [23]
Chapitre 5.
File: Modules.eps Graphic file (type eps)
<Modules.eps>
Overfull \hbox (27.26105pt too wide) in paragraph at lines 862--863
[][] 
 []

[24

]
Overfull \vbox (63.34709pt too high) has occurred while \output is active []


[25]
Overfull \hbox (20.31145pt too wide) in paragraph at lines 911--911
[]  \OT1/cmtt/m/n/12 poule> x  = 5; poule>  y = 10;  poule> f =  (x : R |->  x 
+ y  : R);[] 
 []

[26] [27] [28] [29] [30]
Chapitre 6.
[31

] [32]
Chapitre 7.
[33

] [34] (rapport.aux) ) 
Here is how much of TeX's memory you used:
 1620 strings out of 10901
 18003 string characters out of 72444
 74895 words of memory out of 263001
 4561 multiletter control sequences out of 10000+0
 11404 words of font info for 41 fonts, out of 400000 for 1000
 14 hyphenation exceptions out of 1000
 27i,6n,24p,224b,371s stack positions out of 300i,100n,500p,50000b,4000s

Output written on rapport.dvi (36 pages, 84312 bytes).
